<?xml version="1.0" encoding="UTF-8"?>
<!-- Generated by org.testng.reporters.JUnitReportReporter -->
<testsuite hostname="LAPTOP-M5G81APL" failures="0" tests="1" name="testNG.NewTest" time="0.014" errors="0" timestamp="29 Aug 2021 16:19:24 GMT" skipped="0">
  <testcase classname="testNG.NewTest" name="test2" time="0.014"/>
</testsuite> <!-- testNG.NewTest -->
