<?xml version="1.0" encoding="UTF-8"?>
<!-- Generated by org.testng.reporters.JUnitReportReporter -->
<testsuite hostname="LAPTOP-M5G81APL" failures="0" tests="1" name="test.Logintest" time="89.751" errors="0" timestamp="30 Aug 2021 18:57:30 GMT" skipped="0">
  <testcase classname="test.Logintest" name="login" time="89.751"/>
</testsuite> <!-- test.Logintest -->
