<?xml version="1.0" encoding="UTF-8"?>
<!-- Generated by org.testng.reporters.JUnitReportReporter -->
<testsuite hostname="LAPTOP-M5G81APL" failures="0" tests="1" name="test.Logintest" time="32.558" errors="0" timestamp="30 Aug 2021 17:16:41 GMT" skipped="0">
  <testcase classname="test.Logintest" name="login" time="32.558"/>
</testsuite> <!-- test.Logintest -->
